
****** PlanAhead v14.7 (64-bit)
  **** Build 321239 by xbuild on Fri Sep 27 19:29:51 MDT 2013
    ** Copyright 1986-1999, 2001-2013 Xilinx, Inc. All Rights Reserved.

INFO: [Common 17-78] Attempting to get a license: PlanAhead
INFO: [Common 17-290] Got license for PlanAhead
INFO: [Device 21-36] Loading parts and site information from C:/Xilinx/14.7/ISE_DS/PlanAhead/data/parts/arch.xml
Parsing RTL primitives file [C:/Xilinx/14.7/ISE_DS/PlanAhead/data/parts/xilinx/rtl/prims/rtl_prims.xml]
Finished parsing RTL primitives file [C:/Xilinx/14.7/ISE_DS/PlanAhead/data/parts/xilinx/rtl/prims/rtl_prims.xml]
start_gui
source C:/Users/empinto/Lab03/pa.fromHdl.tcl
# create_project -name Lab03 -dir "C:/Users/empinto/Lab03/planAhead_run_2" -part xc3s500efg320-4
# set_param project.pinAheadLayout yes
# set srcset [get_property srcset [current_run -impl]]
# set_property target_constrs_file "elevator.ucf" [current_fileset -constrset]
Adding file 'C:/Users/empinto/Lab03/elevator.ucf' to fileset 'constrs_1'
# set hdlfile [add_files [list {elevator.vhd}]]
# set_property file_type VHDL $hdlfile
# set_property library work $hdlfile
# set_property top elevator $srcset
# add_files [list {elevator.ucf}] -fileset [get_property constrset [current_run]]
# open_rtl_design -part xc3s500efg320-4
Using Verific elaboration
Parsing VHDL file "C:/Xilinx/14.7/ISE_DS/PlanAhead/data/parts/xilinx/rtl/lib/synplify/synattr.vhd" into library synplify
Parsing VHDL file "C:/Xilinx/14.7/ISE_DS/PlanAhead/data/parts/xilinx/rtl/lib/synplify/synattr.vhd" into library synplify
Parsing VHDL file "C:/Users/empinto/Lab03/elevator.vhd" into library work
INFO: [Designutils 20-910] Reading macro library C:/Xilinx/14.7/ISE_DS/PlanAhead/data\./parts/xilinx/spartan3e/spartan3e/hd_int_macros.edn
Parsing EDIF File [C:/Xilinx/14.7/ISE_DS/PlanAhead/data\./parts/xilinx/spartan3e/spartan3e/hd_int_macros.edn]
Finished Parsing EDIF File [C:/Xilinx/14.7/ISE_DS/PlanAhead/data\./parts/xilinx/spartan3e/spartan3e/hd_int_macros.edn]
Loading clock regions from C:/Xilinx/14.7/ISE_DS/PlanAhead/data\parts/xilinx/spartan3e/spartan3e/xc3s500e/ClockRegion.xml
Loading clock buffers from C:/Xilinx/14.7/ISE_DS/PlanAhead/data\parts/xilinx/spartan3e/spartan3e/xc3s500e/ClockBuffers.xml
Loading package from C:/Xilinx/14.7/ISE_DS/PlanAhead/data\parts/xilinx/spartan3e/spartan3e/xc3s500e/fg320/Package.xml
Loading io standards from C:/Xilinx/14.7/ISE_DS/PlanAhead/data\./parts/xilinx/spartan3e/IOStandards.xml
INFO: [Device 21-19] Loading pkg sso from C:/Xilinx/14.7/ISE_DS/PlanAhead/data\parts/xilinx/spartan3e/spartan3e/xc3s500e/fg320/SSORules.xml
Loading list of drcs for the architecture : C:/Xilinx/14.7/ISE_DS/PlanAhead/data\./parts/xilinx/spartan3e/spartan3e/drc.xml
INFO: [Timing 38-77] Reading timing library C:/Xilinx/14.7/ISE_DS/PlanAhead/data\parts/xilinx/spartan3e/spartan3e/spartan3e-4.lib.
INFO: [Timing 38-34] Done reading timing library C:/Xilinx/14.7/ISE_DS/PlanAhead/data\parts/xilinx/spartan3e/spartan3e/spartan3e-4.lib.
Parsing UCF File [C:/Users/empinto/Lab03/elevator.ucf]
Finished Parsing UCF File [C:/Users/empinto/Lab03/elevator.ucf]
INFO: [Project 1-111] Unisim Transformation Summary:
No Unisim elements were transformed.

Phase 0 | Netlist Checksum: 4c6fedc9
open_rtl_design: Time (s): elapsed = 00:00:07 . Memory (MB): peak = 533.688 ; gain = 112.961
update_compile_order -fileset sim_1
startgroup
set_property package_pin V4 [get_ports BTN_UP]
endgroup
set_property iostandard LVCMOS25 [get_ports [list BTN_UP]]
startgroup
set_property package_pin K17 [get_ports BTN_DOWN]
endgroup
set_property iostandard LVCMOS25 [get_ports [list BTN_DOWN]]
set_property pulltype PULLDOWN [get_ports [list BTN_UP]]
set_property pulltype PULLDOWN [get_ports [list BTN_DOWN]]
set_property iostandard LVTTL [get_ports [list CLK]]
set_property iostandard LVTTL [get_ports [list BTN_UP]]
set_property iostandard LVCMOS25 [get_ports [list CLK]]
set_property iostandard LVTTL [get_ports [list BTN_DOWN]]
set_property iostandard {} [get_ports [list CLK]]
startgroup
set_property package_pin H13 [get_ports SENSOR_UP]
endgroup
set_property iostandard LVCMOS25 [get_ports [list SENSOR_UP]]
set_property iostandard LVTTL [get_ports [list SENSOR_UP]]
set_property pulltype PULLDOWN [get_ports [list SENSOR_UP]]
startgroup
set_property package_pin D18 [get_ports SENSOR_DOWN]
endgroup
set_property iostandard LVCMOS25 [get_ports [list SENSOR_DOWN]]
set_property iostandard LVTTL [get_ports [list SENSOR_DOWN]]
set_property pulltype PULLDOWN [get_ports [list SENSOR_DOWN]]
startgroup
set_property package_pin F12 [get_ports LED_UP]
endgroup
set_property iostandard LVCMOS25 [get_ports [list LED_UP]]
set_property iostandard LVTTL [get_ports [list LED_UP]]
set_property drive 8 [get_ports [list LED_UP]]
startgroup
set_property package_pin E12 [get_ports LED_DOWN]
endgroup
set_property iostandard LVCMOS25 [get_ports [list LED_DOWN]]
set_property iostandard LVTTL [get_ports [list LED_DOWN]]
set_property drive 8 [get_ports [list LED_DOWN]]
startgroup
set_property package_pin E11 [get_ports MOTOR_DOWN]
endgroup
set_property iostandard LVCMOS25 [get_ports [list MOTOR_DOWN]]
set_property iostandard LVTTL [get_ports [list MOTOR_DOWN]]
set_property drive 8 [get_ports [list MOTOR_DOWN]]
startgroup
set_property package_pin F11 [get_ports MOTOR_UP]
endgroup
set_property iostandard LVCMOS25 [get_ports [list MOTOR_UP]]
set_property iostandard LVTTL [get_ports [list MOTOR_UP]]
set_property drive 8 [get_ports [list MOTOR_UP]]
startgroup
set_property package_pin C9 [get_ports CLK]
endgroup
set_property iostandard LVCMOS25 [get_ports [list CLK]]
set_property iostandard LVCMOS33 [get_ports [list CLK]]
save_constraints
exit
ERROR: [Common 17-39] 'stop_gui' failed due to earlier errors.
INFO: [Common 17-206] Exiting PlanAhead at Mon Apr 05 01:40:50 2021...
INFO: [Common 17-83] Releasing license: PlanAhead
